{"/Users/thiagooliveira/Documents/mobile-repos/uk-bank-holidays/src/app/index.tsx": {"path":"/Users/thiagooliveira/Documents/mobile-repos/uk-bank-holidays/src/app/index.tsx","statementMap":{"0":{"start":{"line":13,"column":53},"end":{"line":13,"column":70}},"1":{"start":{"line":14,"column":22},"end":{"line":14,"column":38}},"2":{"start":{"line":15,"column":52},"end":{"line":15,"column":69}},"3":{"start":{"line":16,"column":32},"end":{"line":16,"column":71}},"4":{"start":{"line":18,"column":24},"end":{"line":21,"column":31}},"5":{"start":{"line":19,"column":4},"end":{"line":19,"column":17}},"6":{"start":{"line":20,"column":4},"end":{"line":20,"column":66}},"7":{"start":{"line":23,"column":21},"end":{"line":30,"column":3}},"8":{"start":{"line":25,"column":6},"end":{"line":25,"column":27}},"9":{"start":{"line":25,"column":20},"end":{"line":25,"column":27}},"10":{"start":{"line":26,"column":26},"end":{"line":26,"column":60}},"11":{"start":{"line":27,"column":6},"end":{"line":27,"column":42}},"12":{"start":{"line":32,"column":2},"end":{"line":38,"column":3}},"13":{"start":{"line":33,"column":4},"end":{"line":37,"column":6}},"14":{"start":{"line":40,"column":2},"end":{"line":46,"column":3}},"15":{"start":{"line":41,"column":4},"end":{"line":45,"column":6}},"16":{"start":{"line":48,"column":19},"end":{"line":48,"column":41}},"17":{"start":{"line":50,"column":2},"end":{"line":76,"column":4}},"18":{"start":{"line":54,"column":32},"end":{"line":54,"column":60}},"19":{"start":{"line":56,"column":10},"end":{"line":56,"column":60}},"20":{"start":{"line":71,"column":25},"end":{"line":71,"column":41}}},"fnMap":{"0":{"name":"Index","decl":{"start":{"line":12,"column":24},"end":{"line":12,"column":29}},"loc":{"start":{"line":12,"column":32},"end":{"line":77,"column":1}},"line":12},"1":{"name":"(anonymous_1)","decl":{"start":{"line":18,"column":36},"end":{"line":18,"column":37}},"loc":{"start":{"line":18,"column":42},"end":{"line":21,"column":3}},"line":18},"2":{"name":"(anonymous_2)","decl":{"start":{"line":24,"column":4},"end":{"line":24,"column":5}},"loc":{"start":{"line":24,"column":35},"end":{"line":28,"column":5}},"line":24},"3":{"name":"(anonymous_3)","decl":{"start":{"line":54,"column":22},"end":{"line":54,"column":23}},"loc":{"start":{"line":54,"column":32},"end":{"line":54,"column":60}},"line":54},"4":{"name":"(anonymous_4)","decl":{"start":{"line":55,"column":20},"end":{"line":55,"column":21}},"loc":{"start":{"line":56,"column":10},"end":{"line":56,"column":60}},"line":56},"5":{"name":"(anonymous_5)","decl":{"start":{"line":71,"column":19},"end":{"line":71,"column":20}},"loc":{"start":{"line":71,"column":25},"end":{"line":71,"column":41}},"line":71}},"branchMap":{"0":{"loc":{"start":{"line":25,"column":6},"end":{"line":25,"column":27}},"type":"if","locations":[{"start":{"line":25,"column":6},"end":{"line":25,"column":27}},{"start":{},"end":{}}],"line":25},"1":{"loc":{"start":{"line":32,"column":2},"end":{"line":38,"column":3}},"type":"if","locations":[{"start":{"line":32,"column":2},"end":{"line":38,"column":3}},{"start":{},"end":{}}],"line":32},"2":{"loc":{"start":{"line":40,"column":2},"end":{"line":46,"column":3}},"type":"if","locations":[{"start":{"line":40,"column":2},"end":{"line":46,"column":3}},{"start":{},"end":{}}],"line":40},"3":{"loc":{"start":{"line":48,"column":30},"end":{"line":48,"column":40}},"type":"binary-expr","locations":[{"start":{"line":48,"column":30},"end":{"line":48,"column":34}},{"start":{"line":48,"column":38},"end":{"line":48,"column":40}}],"line":48},"4":{"loc":{"start":{"line":67,"column":7},"end":{"line":74,"column":7}},"type":"binary-expr","locations":[{"start":{"line":67,"column":7},"end":{"line":67,"column":14}},{"start":{"line":68,"column":8},"end":{"line":73,"column":10}}],"line":67}},"s":{"0":7,"1":7,"2":7,"3":7,"4":7,"5":1,"6":1,"7":7,"8":0,"9":0,"10":0,"11":0,"12":7,"13":1,"14":6,"15":1,"16":5,"17":5,"18":10,"19":6,"20":0},"f":{"0":7,"1":1,"2":0,"3":10,"4":6,"5":0},"b":{"0":[0,0],"1":[1,6],"2":[1,5],"3":[5,0],"4":[5,0]},"_coverageSchema":"1a1c01bbd47fc00a2c39e90264f33305004495a9","hash":"8040261abc04c50218daa6fa3047b488934f5950"}
,"/Users/thiagooliveira/Documents/mobile-repos/uk-bank-holidays/src/app/indexStyles.ts": {"path":"/Users/thiagooliveira/Documents/mobile-repos/uk-bank-holidays/src/app/indexStyles.ts","statementMap":{"0":{"start":{"line":4,"column":22},"end":{"line":17,"column":2}}},"fnMap":{},"branchMap":{},"s":{"0":1},"f":{},"b":{},"_coverageSchema":"1a1c01bbd47fc00a2c39e90264f33305004495a9","hash":"b20fec12f7ada5a806a4344d946b6c025608936b"}
,"/Users/thiagooliveira/Documents/mobile-repos/uk-bank-holidays/src/components/container/Container.tsx": {"path":"/Users/thiagooliveira/Documents/mobile-repos/uk-bank-holidays/src/components/container/Container.tsx","statementMap":{"0":{"start":{"line":12,"column":21},"end":{"line":12,"column":40}},"1":{"start":{"line":14,"column":2},"end":{"line":18,"column":4}}},"fnMap":{"0":{"name":"Container","decl":{"start":{"line":5,"column":24},"end":{"line":5,"column":33}},"loc":{"start":{"line":11,"column":3},"end":{"line":19,"column":1}},"line":11}},"branchMap":{},"s":{"0":7,"1":7},"f":{"0":7},"b":{},"_coverageSchema":"1a1c01bbd47fc00a2c39e90264f33305004495a9","hash":"fe3310f360d739130de76758e9aa843999e19ac0"}
,"/Users/thiagooliveira/Documents/mobile-repos/uk-bank-holidays/src/components/container/containerStyles.ts": {"path":"/Users/thiagooliveira/Documents/mobile-repos/uk-bank-holidays/src/components/container/containerStyles.ts","statementMap":{"0":{"start":{"line":4,"column":22},"end":{"line":10,"column":2}}},"fnMap":{},"branchMap":{},"s":{"0":1},"f":{},"b":{},"_coverageSchema":"1a1c01bbd47fc00a2c39e90264f33305004495a9","hash":"3a2aca2b3f7a0236fa7e64c003b24c24d99aacc0"}
,"/Users/thiagooliveira/Documents/mobile-repos/uk-bank-holidays/src/components/editHolidayModal/EditHolidayModal.tsx": {"path":"/Users/thiagooliveira/Documents/mobile-repos/uk-bank-holidays/src/components/editHolidayModal/EditHolidayModal.tsx","statementMap":{"0":{"start":{"line":21,"column":28},"end":{"line":21,"column":51}},"1":{"start":{"line":22,"column":26},"end":{"line":22,"column":63}},"2":{"start":{"line":23,"column":28},"end":{"line":23,"column":51}},"3":{"start":{"line":24,"column":30},"end":{"line":24,"column":77}},"4":{"start":{"line":26,"column":21},"end":{"line":39,"column":3}},"5":{"start":{"line":27,"column":48},"end":{"line":30,"column":5}},"6":{"start":{"line":32,"column":4},"end":{"line":35,"column":5}},"7":{"start":{"line":33,"column":6},"end":{"line":33,"column":34}},"8":{"start":{"line":34,"column":6},"end":{"line":34,"column":13}},"9":{"start":{"line":37,"column":4},"end":{"line":37,"column":78}},"10":{"start":{"line":38,"column":4},"end":{"line":38,"column":14}},"11":{"start":{"line":41,"column":2},"end":{"line":90,"column":4}},"12":{"start":{"line":52,"column":14},"end":{"line":52,"column":30}},"13":{"start":{"line":53,"column":14},"end":{"line":53,"column":67}},"14":{"start":{"line":53,"column":35},"end":{"line":53,"column":64}},"15":{"start":{"line":64,"column":14},"end":{"line":64,"column":29}},"16":{"start":{"line":65,"column":14},"end":{"line":65,"column":66}},"17":{"start":{"line":65,"column":35},"end":{"line":65,"column":63}}},"fnMap":{"0":{"name":"EditHolidayModal","decl":{"start":{"line":15,"column":24},"end":{"line":15,"column":40}},"loc":{"start":{"line":20,"column":26},"end":{"line":91,"column":1}},"line":20},"1":{"name":"(anonymous_1)","decl":{"start":{"line":26,"column":21},"end":{"line":26,"column":22}},"loc":{"start":{"line":26,"column":27},"end":{"line":39,"column":3}},"line":26},"2":{"name":"(anonymous_2)","decl":{"start":{"line":51,"column":26},"end":{"line":51,"column":27}},"loc":{"start":{"line":51,"column":37},"end":{"line":54,"column":13}},"line":51},"3":{"name":"(anonymous_3)","decl":{"start":{"line":53,"column":24},"end":{"line":53,"column":25}},"loc":{"start":{"line":53,"column":35},"end":{"line":53,"column":64}},"line":53},"4":{"name":"(anonymous_4)","decl":{"start":{"line":63,"column":26},"end":{"line":63,"column":27}},"loc":{"start":{"line":63,"column":37},"end":{"line":66,"column":13}},"line":63},"5":{"name":"(anonymous_5)","decl":{"start":{"line":65,"column":24},"end":{"line":65,"column":25}},"loc":{"start":{"line":65,"column":35},"end":{"line":65,"column":63}},"line":65}},"branchMap":{"0":{"loc":{"start":{"line":32,"column":4},"end":{"line":35,"column":5}},"type":"if","locations":[{"start":{"line":32,"column":4},"end":{"line":35,"column":5}},{"start":{},"end":{}}],"line":32},"1":{"loc":{"start":{"line":49,"column":34},"end":{"line":49,"column":78}},"type":"cond-expr","locations":[{"start":{"line":49,"column":49},"end":{"line":49,"column":66}},{"start":{"line":49,"column":69},"end":{"line":49,"column":78}}],"line":49},"2":{"loc":{"start":{"line":57,"column":11},"end":{"line":57,"column":75}},"type":"binary-expr","locations":[{"start":{"line":57,"column":11},"end":{"line":57,"column":23}},{"start":{"line":57,"column":27},"end":{"line":57,"column":75}}],"line":57},"3":{"loc":{"start":{"line":61,"column":34},"end":{"line":61,"column":77}},"type":"cond-expr","locations":[{"start":{"line":61,"column":48},"end":{"line":61,"column":65}},{"start":{"line":61,"column":68},"end":{"line":61,"column":77}}],"line":61},"4":{"loc":{"start":{"line":69,"column":11},"end":{"line":69,"column":73}},"type":"binary-expr","locations":[{"start":{"line":69,"column":11},"end":{"line":69,"column":22}},{"start":{"line":69,"column":26},"end":{"line":69,"column":73}}],"line":69}},"s":{"0":17,"1":17,"2":17,"3":17,"4":17,"5":6,"6":6,"7":4,"8":4,"9":2,"10":2,"11":17,"12":2,"13":2,"14":2,"15":2,"16":2,"17":2},"f":{"0":17,"1":6,"2":2,"3":2,"4":2,"5":2},"b":{"0":[4,2],"1":[3,14],"2":[17,3],"3":[2,15],"4":[17,2]},"_coverageSchema":"1a1c01bbd47fc00a2c39e90264f33305004495a9","hash":"97a2d628b20c84d636e624c2889ae150697bcac5"}
,"/Users/thiagooliveira/Documents/mobile-repos/uk-bank-holidays/src/components/editHolidayModal/editHolidayModalStyles.ts": {"path":"/Users/thiagooliveira/Documents/mobile-repos/uk-bank-holidays/src/components/editHolidayModal/editHolidayModalStyles.ts","statementMap":{"0":{"start":{"line":4,"column":22},"end":{"line":75,"column":2}}},"fnMap":{},"branchMap":{},"s":{"0":2},"f":{},"b":{},"_coverageSchema":"1a1c01bbd47fc00a2c39e90264f33305004495a9","hash":"0fb1ab9604ea877e0749b912d10d8f4183e8cdba"}
,"/Users/thiagooliveira/Documents/mobile-repos/uk-bank-holidays/src/components/holidayCard/HolidayCard.tsx": {"path":"/Users/thiagooliveira/Documents/mobile-repos/uk-bank-holidays/src/components/holidayCard/HolidayCard.tsx","statementMap":{"0":{"start":{"line":13,"column":24},"end":{"line":13,"column":75}},"1":{"start":{"line":14,"column":36},"end":{"line":14,"column":54}},"2":{"start":{"line":16,"column":18},"end":{"line":16,"column":36}},"3":{"start":{"line":18,"column":2},"end":{"line":56,"column":4}},"4":{"start":{"line":31,"column":25},"end":{"line":31,"column":40}},"5":{"start":{"line":42,"column":12},"end":{"line":42,"column":69}}},"fnMap":{"0":{"name":"HolidayCard","decl":{"start":{"line":12,"column":24},"end":{"line":12,"column":35}},"loc":{"start":{"line":12,"column":75},"end":{"line":57,"column":1}},"line":12},"1":{"name":"(anonymous_1)","decl":{"start":{"line":31,"column":19},"end":{"line":31,"column":20}},"loc":{"start":{"line":31,"column":25},"end":{"line":31,"column":40}},"line":31},"2":{"name":"(anonymous_2)","decl":{"start":{"line":41,"column":19},"end":{"line":41,"column":20}},"loc":{"start":{"line":42,"column":12},"end":{"line":42,"column":69}},"line":42}},"branchMap":{"0":{"loc":{"start":{"line":22,"column":9},"end":{"line":22,"column":64}},"type":"binary-expr","locations":[{"start":{"line":22,"column":9},"end":{"line":22,"column":24}},{"start":{"line":22,"column":28},"end":{"line":22,"column":64}}],"line":22},"1":{"loc":{"start":{"line":25,"column":7},"end":{"line":27,"column":7}},"type":"binary-expr","locations":[{"start":{"line":25,"column":7},"end":{"line":25,"column":27}},{"start":{"line":26,"column":8},"end":{"line":26,"column":57}}],"line":25},"2":{"loc":{"start":{"line":39,"column":12},"end":{"line":39,"column":41}},"type":"binary-expr","locations":[{"start":{"line":39,"column":12},"end":{"line":39,"column":19}},{"start":{"line":39,"column":23},"end":{"line":39,"column":41}}],"line":39},"3":{"loc":{"start":{"line":44,"column":20},"end":{"line":44,"column":50}},"type":"binary-expr","locations":[{"start":{"line":44,"column":20},"end":{"line":44,"column":27}},{"start":{"line":44,"column":31},"end":{"line":44,"column":50}}],"line":44},"4":{"loc":{"start":{"line":46,"column":43},"end":{"line":46,"column":76}},"type":"binary-expr","locations":[{"start":{"line":46,"column":43},"end":{"line":46,"column":50}},{"start":{"line":46,"column":54},"end":{"line":46,"column":76}}],"line":46},"5":{"loc":{"start":{"line":47,"column":13},"end":{"line":51,"column":35}},"type":"cond-expr","locations":[{"start":{"line":48,"column":16},"end":{"line":48,"column":27}},{"start":{"line":49,"column":16},"end":{"line":51,"column":35}}],"line":47},"6":{"loc":{"start":{"line":49,"column":16},"end":{"line":51,"column":35}},"type":"cond-expr","locations":[{"start":{"line":50,"column":18},"end":{"line":50,"column":37}},{"start":{"line":51,"column":18},"end":{"line":51,"column":35}}],"line":49}},"s":{"0":6,"1":6,"2":6,"3":6,"4":0,"5":0},"f":{"0":6,"1":0,"2":0},"b":{"0":[6,6],"1":[6,1],"2":[6,0],"3":[6,6],"4":[6,0],"5":[0,6],"6":[0,6]},"_coverageSchema":"1a1c01bbd47fc00a2c39e90264f33305004495a9","hash":"d3c44cc699af5eb9c8cbbc8e7602f3386840d2bc"}
,"/Users/thiagooliveira/Documents/mobile-repos/uk-bank-holidays/src/components/holidayCard/holidayStyles.ts": {"path":"/Users/thiagooliveira/Documents/mobile-repos/uk-bank-holidays/src/components/holidayCard/holidayStyles.ts","statementMap":{"0":{"start":{"line":4,"column":22},"end":{"line":86,"column":2}}},"fnMap":{},"branchMap":{},"s":{"0":1},"f":{},"b":{},"_coverageSchema":"1a1c01bbd47fc00a2c39e90264f33305004495a9","hash":"a26ed195e1b3bd79af1109b6827b30a7cba8db02"}
,"/Users/thiagooliveira/Documents/mobile-repos/uk-bank-holidays/src/context/HolidayEditsContext.tsx": {"path":"/Users/thiagooliveira/Documents/mobile-repos/uk-bank-holidays/src/context/HolidayEditsContext.tsx","statementMap":{"0":{"start":{"line":16,"column":21},"end":{"line":20,"column":15}},"1":{"start":{"line":23,"column":2},"end":{"line":28,"column":3}},"2":{"start":{"line":25,"column":6},"end":{"line":25,"column":64}},"3":{"start":{"line":27,"column":6},"end":{"line":27,"column":16}},"4":{"start":{"line":36,"column":28},"end":{"line":36,"column":56}},"5":{"start":{"line":38,"column":21},"end":{"line":45,"column":3}},"6":{"start":{"line":40,"column":6},"end":{"line":43,"column":8}},"7":{"start":{"line":41,"column":20},"end":{"line":41,"column":42}},"8":{"start":{"line":42,"column":8},"end":{"line":42,"column":31}},"9":{"start":{"line":47,"column":24},"end":{"line":52,"column":3}},"10":{"start":{"line":49,"column":6},"end":{"line":49,"column":57}},"11":{"start":{"line":54,"column":21},"end":{"line":56,"column":8}},"12":{"start":{"line":55,"column":4},"end":{"line":55,"column":32}},"13":{"start":{"line":58,"column":16},"end":{"line":61,"column":3}},"14":{"start":{"line":59,"column":11},"end":{"line":59,"column":52}},"15":{"start":{"line":63,"column":2},"end":{"line":65,"column":4}},"16":{"start":{"line":69,"column":18},"end":{"line":69,"column":42}},"17":{"start":{"line":70,"column":2},"end":{"line":72,"column":3}},"18":{"start":{"line":71,"column":4},"end":{"line":71,"column":80}},"19":{"start":{"line":73,"column":2},"end":{"line":73,"column":17}}},"fnMap":{"0":{"name":"editsReducer","decl":{"start":{"line":22,"column":9},"end":{"line":22,"column":21}},"loc":{"start":{"line":22,"column":59},"end":{"line":29,"column":1}},"line":22},"1":{"name":"HolidayEditsProvider","decl":{"start":{"line":31,"column":16},"end":{"line":31,"column":36}},"loc":{"start":{"line":35,"column":3},"end":{"line":66,"column":1}},"line":35},"2":{"name":"(anonymous_2)","decl":{"start":{"line":39,"column":4},"end":{"line":39,"column":5}},"loc":{"start":{"line":40,"column":6},"end":{"line":43,"column":8}},"line":40},"3":{"name":"(anonymous_3)","decl":{"start":{"line":40,"column":19},"end":{"line":40,"column":20}},"loc":{"start":{"line":40,"column":26},"end":{"line":43,"column":7}},"line":40},"4":{"name":"(anonymous_4)","decl":{"start":{"line":48,"column":4},"end":{"line":48,"column":5}},"loc":{"start":{"line":48,"column":56},"end":{"line":50,"column":5}},"line":48},"5":{"name":"(anonymous_5)","decl":{"start":{"line":54,"column":33},"end":{"line":54,"column":34}},"loc":{"start":{"line":54,"column":39},"end":{"line":56,"column":3}},"line":54},"6":{"name":"(anonymous_6)","decl":{"start":{"line":59,"column":4},"end":{"line":59,"column":5}},"loc":{"start":{"line":59,"column":11},"end":{"line":59,"column":52}},"line":59},"7":{"name":"useHolidayEdits","decl":{"start":{"line":68,"column":16},"end":{"line":68,"column":31}},"loc":{"start":{"line":68,"column":34},"end":{"line":74,"column":1}},"line":68}},"branchMap":{"0":{"loc":{"start":{"line":23,"column":2},"end":{"line":28,"column":3}},"type":"switch","locations":[{"start":{"line":24,"column":4},"end":{"line":25,"column":64}},{"start":{"line":26,"column":4},"end":{"line":27,"column":16}}],"line":23},"1":{"loc":{"start":{"line":42,"column":15},"end":{"line":42,"column":30}},"type":"binary-expr","locations":[{"start":{"line":42,"column":15},"end":{"line":42,"column":25}},{"start":{"line":42,"column":29},"end":{"line":42,"column":30}}],"line":42},"2":{"loc":{"start":{"line":70,"column":2},"end":{"line":72,"column":3}},"type":"if","locations":[{"start":{"line":70,"column":2},"end":{"line":72,"column":3}},{"start":{},"end":{}}],"line":70}},"s":{"0":2,"1":1,"2":0,"3":1,"4":15,"5":15,"6":5,"7":6,"8":6,"9":15,"10":0,"11":15,"12":1,"13":15,"14":15,"15":15,"16":7,"17":7,"18":0,"19":7},"f":{"0":1,"1":15,"2":5,"3":6,"4":0,"5":1,"6":15,"7":7},"b":{"0":[0,1],"1":[6,6],"2":[0,7]},"_coverageSchema":"1a1c01bbd47fc00a2c39e90264f33305004495a9","hash":"f70ef8fc1c48c10cff6943b10044f6caa362127d"}
,"/Users/thiagooliveira/Documents/mobile-repos/uk-bank-holidays/src/hooks/useAddToCalendar.ts": {"path":"/Users/thiagooliveira/Documents/mobile-repos/uk-bank-holidays/src/hooks/useAddToCalendar.ts","statementMap":{"0":{"start":{"line":11,"column":30},"end":{"line":11,"column":54}},"1":{"start":{"line":13,"column":24},"end":{"line":41,"column":3}},"2":{"start":{"line":15,"column":6},"end":{"line":15,"column":26}},"3":{"start":{"line":17,"column":22},"end":{"line":17,"column":51}},"4":{"start":{"line":19,"column":6},"end":{"line":30,"column":7}},"5":{"start":{"line":20,"column":8},"end":{"line":20,"column":28}},"6":{"start":{"line":21,"column":8},"end":{"line":28,"column":10}},"7":{"start":{"line":26,"column":52},"end":{"line":26,"column":74}},"8":{"start":{"line":29,"column":8},"end":{"line":29,"column":15}},"9":{"start":{"line":32,"column":6},"end":{"line":38,"column":7}},"10":{"start":{"line":33,"column":8},"end":{"line":33,"column":53}},"11":{"start":{"line":34,"column":8},"end":{"line":34,"column":27}},"12":{"start":{"line":36,"column":8},"end":{"line":36,"column":26}},"13":{"start":{"line":37,"column":8},"end":{"line":37,"column":65}},"14":{"start":{"line":43,"column":2},"end":{"line":43,"column":35}}},"fnMap":{"0":{"name":"useAddToCalendar","decl":{"start":{"line":10,"column":16},"end":{"line":10,"column":32}},"loc":{"start":{"line":10,"column":35},"end":{"line":44,"column":1}},"line":10},"1":{"name":"(anonymous_1)","decl":{"start":{"line":14,"column":4},"end":{"line":14,"column":5}},"loc":{"start":{"line":14,"column":58},"end":{"line":39,"column":5}},"line":14},"2":{"name":"(anonymous_2)","decl":{"start":{"line":26,"column":46},"end":{"line":26,"column":47}},"loc":{"start":{"line":26,"column":52},"end":{"line":26,"column":74}},"line":26}},"branchMap":{"0":{"loc":{"start":{"line":19,"column":6},"end":{"line":30,"column":7}},"type":"if","locations":[{"start":{"line":19,"column":6},"end":{"line":30,"column":7}},{"start":{},"end":{}}],"line":19}},"s":{"0":6,"1":6,"2":0,"3":0,"4":0,"5":0,"6":0,"7":0,"8":0,"9":0,"10":0,"11":0,"12":0,"13":0,"14":6},"f":{"0":6,"1":0,"2":0},"b":{"0":[0,0]},"_coverageSchema":"1a1c01bbd47fc00a2c39e90264f33305004495a9","hash":"bd479f877a2edfaa745069deb73cb8dff77a60a2"}
,"/Users/thiagooliveira/Documents/mobile-repos/uk-bank-holidays/src/hooks/useBankHolidays.ts": {"path":"/Users/thiagooliveira/Documents/mobile-repos/uk-bank-holidays/src/hooks/useBankHolidays.ts","statementMap":{"0":{"start":{"line":6,"column":2},"end":{"line":10,"column":5}}},"fnMap":{"0":{"name":"useBankHolidays","decl":{"start":{"line":5,"column":16},"end":{"line":5,"column":31}},"loc":{"start":{"line":5,"column":34},"end":{"line":11,"column":1}},"line":5}},"branchMap":{},"s":{"0":0},"f":{"0":0},"b":{},"_coverageSchema":"1a1c01bbd47fc00a2c39e90264f33305004495a9","hash":"bc747cfdd3a4fa5bf599784b4edab9755a229ed7"}
,"/Users/thiagooliveira/Documents/mobile-repos/uk-bank-holidays/src/services/bankHolidaysApi.ts": {"path":"/Users/thiagooliveira/Documents/mobile-repos/uk-bank-holidays/src/services/bankHolidaysApi.ts","statementMap":{"0":{"start":{"line":3,"column":26},"end":{"line":3,"column":65}},"1":{"start":{"line":6,"column":19},"end":{"line":6,"column":49}},"2":{"start":{"line":8,"column":2},"end":{"line":10,"column":3}},"3":{"start":{"line":9,"column":4},"end":{"line":9,"column":73}},"4":{"start":{"line":12,"column":2},"end":{"line":12,"column":25}}},"fnMap":{"0":{"name":"fetchBankHolidays","decl":{"start":{"line":5,"column":22},"end":{"line":5,"column":39}},"loc":{"start":{"line":5,"column":73},"end":{"line":13,"column":1}},"line":5}},"branchMap":{"0":{"loc":{"start":{"line":8,"column":2},"end":{"line":10,"column":3}},"type":"if","locations":[{"start":{"line":8,"column":2},"end":{"line":10,"column":3}},{"start":{},"end":{}}],"line":8}},"s":{"0":1,"1":0,"2":0,"3":0,"4":0},"f":{"0":0},"b":{"0":[0,0]},"_coverageSchema":"1a1c01bbd47fc00a2c39e90264f33305004495a9","hash":"c1e9b330913f8d8bbafda0b216a25dd135142372"}
,"/Users/thiagooliveira/Documents/mobile-repos/uk-bank-holidays/src/services/calendarService.ts": {"path":"/Users/thiagooliveira/Documents/mobile-repos/uk-bank-holidays/src/services/calendarService.ts","statementMap":{"0":{"start":{"line":6,"column":20},"end":{"line":8,"column":3}},"1":{"start":{"line":11,"column":4},"end":{"line":15,"column":9}},"2":{"start":{"line":12,"column":30},"end":{"line":12,"column":57}},"3":{"start":{"line":14,"column":17},"end":{"line":14,"column":69}},"4":{"start":{"line":17,"column":2},"end":{"line":17,"column":57}},"5":{"start":{"line":21,"column":21},"end":{"line":21,"column":69}},"6":{"start":{"line":22,"column":2},"end":{"line":22,"column":30}},"7":{"start":{"line":30,"column":21},"end":{"line":30,"column":49}},"8":{"start":{"line":32,"column":2},"end":{"line":34,"column":3}},"9":{"start":{"line":33,"column":4},"end":{"line":33,"column":61}},"10":{"start":{"line":36,"column":20},"end":{"line":36,"column":34}},"11":{"start":{"line":38,"column":2},"end":{"line":44,"column":5}}},"fnMap":{"0":{"name":"getDefaultCalendarId","decl":{"start":{"line":5,"column":22},"end":{"line":5,"column":42}},"loc":{"start":{"line":5,"column":69},"end":{"line":18,"column":1}},"line":5},"1":{"name":"(anonymous_1)","decl":{"start":{"line":12,"column":23},"end":{"line":12,"column":24}},"loc":{"start":{"line":12,"column":30},"end":{"line":12,"column":57}},"line":12},"2":{"name":"(anonymous_2)","decl":{"start":{"line":14,"column":10},"end":{"line":14,"column":11}},"loc":{"start":{"line":14,"column":17},"end":{"line":14,"column":69}},"line":14},"3":{"name":"requestCalendarAccess","decl":{"start":{"line":20,"column":22},"end":{"line":20,"column":43}},"loc":{"start":{"line":20,"column":64},"end":{"line":23,"column":1}},"line":20},"4":{"name":"addEventToCalendar","decl":{"start":{"line":25,"column":22},"end":{"line":25,"column":40}},"loc":{"start":{"line":29,"column":19},"end":{"line":45,"column":1}},"line":29}},"branchMap":{"0":{"loc":{"start":{"line":11,"column":4},"end":{"line":15,"column":9}},"type":"cond-expr","locations":[{"start":{"line":12,"column":8},"end":{"line":12,"column":58}},{"start":{"line":13,"column":8},"end":{"line":15,"column":9}}],"line":11},"1":{"loc":{"start":{"line":17,"column":9},"end":{"line":17,"column":56}},"type":"binary-expr","locations":[{"start":{"line":17,"column":9},"end":{"line":17,"column":28}},{"start":{"line":17,"column":32},"end":{"line":17,"column":48}},{"start":{"line":17,"column":52},"end":{"line":17,"column":56}}],"line":17},"2":{"loc":{"start":{"line":32,"column":2},"end":{"line":34,"column":3}},"type":"if","locations":[{"start":{"line":32,"column":2},"end":{"line":34,"column":3}},{"start":{},"end":{}}],"line":32}},"s":{"0":0,"1":0,"2":0,"3":0,"4":0,"5":0,"6":0,"7":0,"8":0,"9":0,"10":0,"11":0},"f":{"0":0,"1":0,"2":0,"3":0,"4":0},"b":{"0":[0,0],"1":[0,0,0],"2":[0,0]},"_coverageSchema":"1a1c01bbd47fc00a2c39e90264f33305004495a9","hash":"78dde76b5d126f5f05d272723ecd6e78de89de99"}
,"/Users/thiagooliveira/Documents/mobile-repos/uk-bank-holidays/src/test/renderScreen.tsx": {"path":"/Users/thiagooliveira/Documents/mobile-repos/uk-bank-holidays/src/test/renderScreen.tsx","statementMap":{"0":{"start":{"line":5,"column":26},"end":{"line":8,"column":1}},"1":{"start":{"line":11,"column":2},"end":{"line":20,"column":5}},"2":{"start":{"line":13,"column":6},"end":{"line":17,"column":29}}},"fnMap":{"0":{"name":"renderScreen","decl":{"start":{"line":10,"column":16},"end":{"line":10,"column":28}},"loc":{"start":{"line":10,"column":78},"end":{"line":21,"column":1}},"line":10},"1":{"name":"(anonymous_1)","decl":{"start":{"line":12,"column":13},"end":{"line":12,"column":14}},"loc":{"start":{"line":13,"column":6},"end":{"line":17,"column":29}},"line":13}},"branchMap":{},"s":{"0":2,"1":14,"2":14},"f":{"0":14,"1":14},"b":{},"_coverageSchema":"1a1c01bbd47fc00a2c39e90264f33305004495a9","hash":"cce5eb7a1033256118cc850d4263dea47614d7a7"}
,"/Users/thiagooliveira/Documents/mobile-repos/uk-bank-holidays/src/theme/variables.ts": {"path":"/Users/thiagooliveira/Documents/mobile-repos/uk-bank-holidays/src/theme/variables.ts","statementMap":{"0":{"start":{"line":1,"column":23},"end":{"line":8,"column":10}},"1":{"start":{"line":11,"column":24},"end":{"line":17,"column":10}},"2":{"start":{"line":20,"column":28},"end":{"line":24,"column":10}},"3":{"start":{"line":27,"column":22},"end":{"line":43,"column":10}}},"fnMap":{},"branchMap":{},"s":{"0":2,"1":2,"2":2,"3":2},"f":{},"b":{},"_coverageSchema":"1a1c01bbd47fc00a2c39e90264f33305004495a9","hash":"e4e642c84561f5b0ce7898e9f01a68913958f94d"}
,"/Users/thiagooliveira/Documents/mobile-repos/uk-bank-holidays/src/utils/dateFormat.ts": {"path":"/Users/thiagooliveira/Documents/mobile-repos/uk-bank-holidays/src/utils/dateFormat.ts","statementMap":{"0":{"start":{"line":3,"column":30},"end":{"line":3,"column":42}},"1":{"start":{"line":4,"column":19},"end":{"line":4,"column":31}},"2":{"start":{"line":7,"column":17},"end":{"line":7,"column":55}},"3":{"start":{"line":8,"column":2},"end":{"line":8,"column":40}},"4":{"start":{"line":12,"column":17},"end":{"line":12,"column":63}},"5":{"start":{"line":13,"column":2},"end":{"line":13,"column":36}}},"fnMap":{"0":{"name":"toDisplayDate","decl":{"start":{"line":6,"column":16},"end":{"line":6,"column":29}},"loc":{"start":{"line":6,"column":55},"end":{"line":9,"column":1}},"line":6},"1":{"name":"toApiDate","decl":{"start":{"line":11,"column":16},"end":{"line":11,"column":25}},"loc":{"start":{"line":11,"column":55},"end":{"line":14,"column":1}},"line":11}},"branchMap":{},"s":{"0":3,"1":3,"2":17,"3":17,"4":2,"5":2},"f":{"0":17,"1":2},"b":{},"_coverageSchema":"1a1c01bbd47fc00a2c39e90264f33305004495a9","hash":"7bdadf1bdb056ecdd806749455d2f950420fc9f8"}
,"/Users/thiagooliveira/Documents/mobile-repos/uk-bank-holidays/src/utils/getUpcomingHolidays.ts": {"path":"/Users/thiagooliveira/Documents/mobile-repos/uk-bank-holidays/src/utils/getUpcomingHolidays.ts","statementMap":{"0":{"start":{"line":7,"column":22},"end":{"line":7,"column":23}},"1":{"start":{"line":8,"column":21},"end":{"line":8,"column":22}},"2":{"start":{"line":19,"column":17},"end":{"line":19,"column":46}},"3":{"start":{"line":21,"column":20},"end":{"line":25,"column":3}},"4":{"start":{"line":27,"column":23},"end":{"line":40,"column":3}},"5":{"start":{"line":29,"column":18},"end":{"line":29,"column":48}},"6":{"start":{"line":30,"column":6},"end":{"line":30,"column":40}},"7":{"start":{"line":30,"column":29},"end":{"line":30,"column":40}},"8":{"start":{"line":32,"column":24},"end":{"line":32,"column":44}},"9":{"start":{"line":33,"column":6},"end":{"line":33,"column":80}},"10":{"start":{"line":33,"column":69},"end":{"line":33,"column":80}},"11":{"start":{"line":35,"column":6},"end":{"line":35,"column":24}},"12":{"start":{"line":36,"column":6},"end":{"line":36,"column":31}},"13":{"start":{"line":37,"column":6},"end":{"line":37,"column":17}},"14":{"start":{"line":42,"column":2},"end":{"line":44,"column":28}},"15":{"start":{"line":43,"column":20},"end":{"line":43,"column":48}}},"fnMap":{"0":{"name":"getUpcomingHolidays","decl":{"start":{"line":15,"column":16},"end":{"line":15,"column":35}},"loc":{"start":{"line":18,"column":22},"end":{"line":45,"column":1}},"line":18},"1":{"name":"(anonymous_1)","decl":{"start":{"line":28,"column":4},"end":{"line":28,"column":5}},"loc":{"start":{"line":28,"column":20},"end":{"line":38,"column":5}},"line":28},"2":{"name":"(anonymous_2)","decl":{"start":{"line":43,"column":10},"end":{"line":43,"column":11}},"loc":{"start":{"line":43,"column":20},"end":{"line":43,"column":48}},"line":43}},"branchMap":{"0":{"loc":{"start":{"line":17,"column":2},"end":{"line":17,"column":18}},"type":"default-arg","locations":[{"start":{"line":17,"column":8},"end":{"line":17,"column":18}}],"line":17},"1":{"loc":{"start":{"line":30,"column":6},"end":{"line":30,"column":40}},"type":"if","locations":[{"start":{"line":30,"column":6},"end":{"line":30,"column":40}},{"start":{},"end":{}}],"line":30},"2":{"loc":{"start":{"line":33,"column":6},"end":{"line":33,"column":80}},"type":"if","locations":[{"start":{"line":33,"column":6},"end":{"line":33,"column":80}},{"start":{},"end":{}}],"line":33}},"s":{"0":2,"1":2,"2":7,"3":7,"4":7,"5":21,"6":21,"7":2,"8":19,"9":19,"10":3,"11":16,"12":16,"13":16,"14":7,"15":12},"f":{"0":7,"1":21,"2":12},"b":{"0":[0],"1":[2,19],"2":[3,16]},"_coverageSchema":"1a1c01bbd47fc00a2c39e90264f33305004495a9","hash":"f06c69350a9ec4398718a30b257cc27f227a94a9"}
,"/Users/thiagooliveira/Documents/mobile-repos/uk-bank-holidays/src/utils/validateHolidayEdit.ts": {"path":"/Users/thiagooliveira/Documents/mobile-repos/uk-bank-holidays/src/utils/validateHolidayEdit.ts","statementMap":{"0":{"start":{"line":14,"column":52},"end":{"line":14,"column":54}},"1":{"start":{"line":16,"column":2},"end":{"line":18,"column":3}},"2":{"start":{"line":17,"column":4},"end":{"line":17,"column":44}},"3":{"start":{"line":20,"column":17},"end":{"line":20,"column":56}},"4":{"start":{"line":21,"column":2},"end":{"line":27,"column":3}},"5":{"start":{"line":22,"column":4},"end":{"line":22,"column":47}},"6":{"start":{"line":23,"column":9},"end":{"line":27,"column":3}},"7":{"start":{"line":26,"column":4},"end":{"line":26,"column":59}},"8":{"start":{"line":29,"column":2},"end":{"line":29,"column":61}}},"fnMap":{"0":{"name":"validateHolidayEdit","decl":{"start":{"line":9,"column":16},"end":{"line":9,"column":35}},"loc":{"start":{"line":13,"column":20},"end":{"line":30,"column":1}},"line":13}},"branchMap":{"0":{"loc":{"start":{"line":12,"column":2},"end":{"line":12,"column":18}},"type":"default-arg","locations":[{"start":{"line":12,"column":8},"end":{"line":12,"column":18}}],"line":12},"1":{"loc":{"start":{"line":16,"column":2},"end":{"line":18,"column":3}},"type":"if","locations":[{"start":{"line":16,"column":2},"end":{"line":18,"column":3}},{"start":{},"end":{}}],"line":16},"2":{"loc":{"start":{"line":21,"column":2},"end":{"line":27,"column":3}},"type":"if","locations":[{"start":{"line":21,"column":2},"end":{"line":27,"column":3}},{"start":{"line":23,"column":9},"end":{"line":27,"column":3}}],"line":21},"3":{"loc":{"start":{"line":23,"column":9},"end":{"line":27,"column":3}},"type":"if","locations":[{"start":{"line":23,"column":9},"end":{"line":27,"column":3}},{"start":{},"end":{}}],"line":23}},"s":{"0":8,"1":8,"2":3,"3":8,"4":8,"5":2,"6":6,"7":2,"8":8},"f":{"0":8},"b":{"0":[0],"1":[3,5],"2":[2,6],"3":[2,4]},"_coverageSchema":"1a1c01bbd47fc00a2c39e90264f33305004495a9","hash":"efba80d67c25d009e75fcdc135d797d0085170a6"}
}
