TN:
SF:src/app/index.tsx
FN:12,Index
FN:18,(anonymous_1)
FN:24,(anonymous_2)
FN:54,(anonymous_3)
FN:55,(anonymous_4)
FN:71,(anonymous_5)
FNF:6
FNH:4
FNDA:7,Index
FNDA:1,(anonymous_1)
FNDA:0,(anonymous_2)
FNDA:10,(anonymous_3)
FNDA:6,(anonymous_4)
FNDA:0,(anonymous_5)
DA:13,7
DA:14,7
DA:15,7
DA:16,7
DA:18,7
DA:19,1
DA:20,1
DA:23,7
DA:25,0
DA:26,0
DA:27,0
DA:32,7
DA:33,1
DA:40,6
DA:41,1
DA:48,5
DA:50,5
DA:54,10
DA:56,6
DA:71,0
LF:20
LH:16
BRDA:25,0,0,0
BRDA:25,0,1,0
BRDA:32,1,0,1
BRDA:32,1,1,6
BRDA:40,2,0,1
BRDA:40,2,1,5
BRDA:48,3,0,5
BRDA:48,3,1,0
BRDA:67,4,0,5
BRDA:67,4,1,0
BRF:10
BRH:6
end_of_record
TN:
SF:src/app/indexStyles.ts
FNF:0
FNH:0
DA:4,1
LF:1
LH:1
BRF:0
BRH:0
end_of_record
TN:
SF:src/components/container/Container.tsx
FN:5,Container
FNF:1
FNH:1
FNDA:7,Container
DA:12,7
DA:14,7
LF:2
LH:2
BRF:0
BRH:0
end_of_record
TN:
SF:src/components/container/containerStyles.ts
FNF:0
FNH:0
DA:4,1
LF:1
LH:1
BRF:0
BRH:0
end_of_record
TN:
SF:src/components/editHolidayModal/EditHolidayModal.tsx
FN:15,EditHolidayModal
FN:26,(anonymous_1)
FN:51,(anonymous_2)
FN:53,(anonymous_3)
FN:63,(anonymous_4)
FN:65,(anonymous_5)
FNF:6
FNH:6
FNDA:17,EditHolidayModal
FNDA:6,(anonymous_1)
FNDA:2,(anonymous_2)
FNDA:2,(anonymous_3)
FNDA:2,(anonymous_4)
FNDA:2,(anonymous_5)
DA:21,17
DA:22,17
DA:23,17
DA:24,17
DA:26,17
DA:27,6
DA:32,6
DA:33,4
DA:34,4
DA:37,2
DA:38,2
DA:41,17
DA:52,2
DA:53,2
DA:64,2
DA:65,2
LF:16
LH:16
BRDA:32,0,0,4
BRDA:32,0,1,2
BRDA:49,1,0,3
BRDA:49,1,1,14
BRDA:57,2,0,17
BRDA:57,2,1,3
BRDA:61,3,0,2
BRDA:61,3,1,15
BRDA:69,4,0,17
BRDA:69,4,1,2
BRF:10
BRH:10
end_of_record
TN:
SF:src/components/editHolidayModal/editHolidayModalStyles.ts
FNF:0
FNH:0
DA:4,2
LF:1
LH:1
BRF:0
BRH:0
end_of_record
TN:
SF:src/components/holidayCard/HolidayCard.tsx
FN:12,HolidayCard
FN:31,(anonymous_1)
FN:41,(anonymous_2)
FNF:3
FNH:1
FNDA:6,HolidayCard
FNDA:0,(anonymous_1)
FNDA:0,(anonymous_2)
DA:13,6
DA:14,6
DA:16,6
DA:18,6
DA:31,0
DA:42,0
LF:6
LH:4
BRDA:22,0,0,6
BRDA:22,0,1,6
BRDA:25,1,0,6
BRDA:25,1,1,1
BRDA:39,2,0,6
BRDA:39,2,1,0
BRDA:44,3,0,6
BRDA:44,3,1,6
BRDA:46,4,0,6
BRDA:46,4,1,0
BRDA:47,5,0,0
BRDA:47,5,1,6
BRDA:49,6,0,0
BRDA:49,6,1,6
BRF:14
BRH:10
end_of_record
TN:
SF:src/components/holidayCard/holidayStyles.ts
FNF:0
FNH:0
DA:4,1
LF:1
LH:1
BRF:0
BRH:0
end_of_record
TN:
SF:src/context/HolidayEditsContext.tsx
FN:22,editsReducer
FN:31,HolidayEditsProvider
FN:39,(anonymous_2)
FN:40,(anonymous_3)
FN:48,(anonymous_4)
FN:54,(anonymous_5)
FN:59,(anonymous_6)
FN:68,useHolidayEdits
FNF:8
FNH:7
FNDA:1,editsReducer
FNDA:15,HolidayEditsProvider
FNDA:5,(anonymous_2)
FNDA:6,(anonymous_3)
FNDA:0,(anonymous_4)
FNDA:1,(anonymous_5)
FNDA:15,(anonymous_6)
FNDA:7,useHolidayEdits
DA:16,2
DA:23,1
DA:25,0
DA:27,1
DA:36,15
DA:38,15
DA:40,5
DA:41,6
DA:42,6
DA:47,15
DA:49,0
DA:54,15
DA:55,1
DA:58,15
DA:59,15
DA:63,15
DA:69,7
DA:70,7
DA:71,0
DA:73,7
LF:20
LH:17
BRDA:23,0,0,0
BRDA:23,0,1,1
BRDA:42,1,0,6
BRDA:42,1,1,6
BRDA:70,2,0,0
BRDA:70,2,1,7
BRF:6
BRH:4
end_of_record
TN:
SF:src/hooks/useAddToCalendar.ts
FN:10,useAddToCalendar
FN:14,(anonymous_1)
FN:26,(anonymous_2)
FNF:3
FNH:1
FNDA:6,useAddToCalendar
FNDA:0,(anonymous_1)
FNDA:0,(anonymous_2)
DA:11,6
DA:13,6
DA:15,0
DA:17,0
DA:19,0
DA:20,0
DA:21,0
DA:26,0
DA:29,0
DA:32,0
DA:33,0
DA:34,0
DA:36,0
DA:37,0
DA:43,6
LF:15
LH:3
BRDA:19,0,0,0
BRDA:19,0,1,0
BRF:2
BRH:0
end_of_record
TN:
SF:src/hooks/useBankHolidays.ts
FN:5,useBankHolidays
FNF:1
FNH:0
FNDA:0,useBankHolidays
DA:6,0
LF:1
LH:0
BRF:0
BRH:0
end_of_record
TN:
SF:src/services/bankHolidaysApi.ts
FN:5,fetchBankHolidays
FNF:1
FNH:0
FNDA:0,fetchBankHolidays
DA:3,1
DA:6,0
DA:8,0
DA:9,0
DA:12,0
LF:5
LH:1
BRDA:8,0,0,0
BRDA:8,0,1,0
BRF:2
BRH:0
end_of_record
TN:
SF:src/services/calendarService.ts
FN:5,getDefaultCalendarId
FN:12,(anonymous_1)
FN:14,(anonymous_2)
FN:20,requestCalendarAccess
FN:25,addEventToCalendar
FNF:5
FNH:0
FNDA:0,getDefaultCalendarId
FNDA:0,(anonymous_1)
FNDA:0,(anonymous_2)
FNDA:0,requestCalendarAccess
FNDA:0,addEventToCalendar
DA:6,0
DA:11,0
DA:12,0
DA:14,0
DA:17,0
DA:21,0
DA:22,0
DA:30,0
DA:32,0
DA:33,0
DA:36,0
DA:38,0
LF:12
LH:0
BRDA:11,0,0,0
BRDA:11,0,1,0
BRDA:17,1,0,0
BRDA:17,1,1,0
BRDA:17,1,2,0
BRDA:32,2,0,0
BRDA:32,2,1,0
BRF:7
BRH:0
end_of_record
TN:
SF:src/test/renderScreen.tsx
FN:10,renderScreen
FN:12,(anonymous_1)
FNF:2
FNH:2
FNDA:14,renderScreen
FNDA:14,(anonymous_1)
DA:5,2
DA:11,14
DA:13,14
LF:3
LH:3
BRF:0
BRH:0
end_of_record
TN:
SF:src/theme/variables.ts
FNF:0
FNH:0
DA:1,2
DA:11,2
DA:20,2
DA:27,2
LF:4
LH:4
BRF:0
BRH:0
end_of_record
TN:
SF:src/utils/dateFormat.ts
FN:6,toDisplayDate
FN:11,toApiDate
FNF:2
FNH:2
FNDA:17,toDisplayDate
FNDA:2,toApiDate
DA:3,3
DA:4,3
DA:7,17
DA:8,17
DA:12,2
DA:13,2
LF:6
LH:6
BRF:0
BRH:0
end_of_record
TN:
SF:src/utils/getUpcomingHolidays.ts
FN:15,getUpcomingHolidays
FN:28,(anonymous_1)
FN:43,(anonymous_2)
FNF:3
FNH:3
FNDA:7,getUpcomingHolidays
FNDA:21,(anonymous_1)
FNDA:12,(anonymous_2)
DA:7,2
DA:8,2
DA:19,7
DA:21,7
DA:27,7
DA:29,21
DA:30,21
DA:32,19
DA:33,19
DA:35,16
DA:36,16
DA:37,16
DA:42,7
DA:43,12
LF:14
LH:14
BRDA:17,0,0,0
BRDA:30,1,0,2
BRDA:30,1,1,19
BRDA:33,2,0,3
BRDA:33,2,1,16
BRF:5
BRH:4
end_of_record
TN:
SF:src/utils/validateHolidayEdit.ts
FN:9,validateHolidayEdit
FNF:1
FNH:1
FNDA:8,validateHolidayEdit
DA:14,8
DA:16,8
DA:17,3
DA:20,8
DA:21,8
DA:22,2
DA:23,6
DA:26,2
DA:29,8
LF:9
LH:9
BRDA:12,0,0,0
BRDA:16,1,0,3
BRDA:16,1,1,5
BRDA:21,2,0,2
BRDA:21,2,1,6
BRDA:23,3,0,2
BRDA:23,3,1,4
BRF:7
BRH:6
end_of_record
